<?xml version="1.0" encoding="UTF-8"?>
<!-- Generated by org.testng.reporters.JUnitReportReporter -->
<testsuite skipped="0" hostname="Steven" name="test.LoginTest" tests="2" failures="0" timestamp="20 Jan 2018 08:25:10 GMT" time="52.519" errors="0">
  <testcase name="trySuccessLogin" time="8.997" classname="test.LoginTest"/>
  <testcase name="tryFailureLogin" time="43.522" classname="test.LoginTest"/>
</testsuite> <!-- test.LoginTest -->
