<?xml version="1.0" encoding="UTF-8"?>
<!-- Generated by org.testng.reporters.JUnitReportReporter -->
<testsuite skipped="0" hostname="Steven" name="test.RegisterTest" tests="1" failures="0" timestamp="20 Jan 2018 08:25:10 GMT" time="52.241" errors="0">
  <testcase name="registerTest" time="52.241" classname="test.RegisterTest"/>
</testsuite> <!-- test.RegisterTest -->
